<?xml version="1.0" encoding="UTF-8"?>
<!-- Generated by org.testng.reporters.JUnitReportReporter -->
<testsuite hostname="LAPTOP-PQ7IP8FG" failures="0" tests="4" name="saloni.projectfarmework.submitordertest" time="19.001" errors="0" timestamp="2025-04-12T15:39:08 IST" skipped="0">
  <testcase classname="saloni.projectfarmework.submitordertest" name="submitOrder" time="5.441"/>
  <testcase classname="saloni.projectfarmework.submitordertest" name="orderhistorytest" time="3.388"/>
  <testcase classname="saloni.projectfarmework.submitordertest" name="orderhistorytest" time="4.924"/>
  <testcase classname="saloni.projectfarmework.submitordertest" name="submitOrder" time="5.248"/>
</testsuite> <!-- saloni.projectfarmework.submitordertest -->
