<?xml version="1.0" encoding="UTF-8"?>
<!-- Generated by org.testng.reporters.JUnitReportReporter -->
<testsuite hostname="LAPTOP-PQ7IP8FG" failures="0" tests="3" name="saloni.projectfarmework.ErrorValidations" time="18.729" errors="0" timestamp="2025-04-12T15:39:08 IST" skipped="1">
  <testcase classname="saloni.projectfarmework.ErrorValidations" name="errorproduct" time="4.466"/>
  <testcase classname="saloni.projectfarmework.ErrorValidations" name="errorlogin" time="4.900"/>
  <testcase classname="saloni.projectfarmework.ErrorValidations" name="errorproduct" time="9.363">
    <skipped/>
  </testcase> <!-- errorproduct -->
</testsuite> <!-- saloni.projectfarmework.ErrorValidations -->
